<?xml version="1.0" encoding="UTF-8" ?>
<testsuite failures="0" time="0.13" errors="0" skipped="0" tests="1" name="it.fds.toolbox.TestBaseLibraries">
  <properties>
    <property name="java.runtime.name" value="Java(TM) SE Runtime Environment"/>
    <property name="sun.boot.library.path" value="C:\Program Files\Java\jdk1.7.0_67\jre\bin"/>
    <property name="java.vm.version" value="24.65-b04"/>
    <property name="user.country.format" value="IT"/>
    <property name="java.vm.vendor" value="Oracle Corporation"/>
    <property name="java.vendor.url" value="http://java.oracle.com/"/>
    <property name="path.separator" value=";"/>
    <property name="java.vm.name" value="Java HotSpot(TM) 64-Bit Server VM"/>
    <property name="file.encoding.pkg" value="sun.io"/>
    <property name="user.script" value=""/>
    <property name="user.country" value="US"/>
    <property name="sun.java.launcher" value="SUN_STANDARD"/>
    <property name="sun.os.patch.level" value="Service Pack 1"/>
    <property name="java.vm.specification.name" value="Java Virtual Machine Specification"/>
    <property name="user.dir" value="D:\work\code\maven-template\sample-module"/>
    <property name="java.runtime.version" value="1.7.0_67-b01"/>
    <property name="java.awt.graphicsenv" value="sun.awt.Win32GraphicsEnvironment"/>
    <property name="basedir" value="D:\work\code\maven-template\sample-module"/>
    <property name="java.endorsed.dirs" value="C:\Program Files\Java\jdk1.7.0_67\jre\lib\endorsed"/>
    <property name="os.arch" value="amd64"/>
    <property name="surefire.real.class.path" value="C:\Users\GEOSOL~1\AppData\Local\Temp\surefirebooter1790078510402989618.jar"/>
    <property name="java.io.tmpdir" value="C:\Users\GEOSOL~1\AppData\Local\Temp\"/>
    <property name="line.separator" value="
"/>
    <property name="java.vm.specification.vendor" value="Oracle Corporation"/>
    <property name="user.variant" value=""/>
    <property name="os.name" value="Windows 7"/>
    <property name="sun.jnu.encoding" value="Cp1252"/>
    <property name="java.library.path" value="C:\Program Files\Java\jdk1.7.0_67\jre\bin;C:\windows\Sun\Java\bin;C:\windows\system32;C:\windows;C:\Program Files (x86)\ActiveState Komodo IDE 9\;D:\SenchaSDKTools-2.0.0-Beta\bin;C:\Program Files\Common Files\Microsoft Shared\Windows Live;C:\Program Files (x86)\Common Files\Microsoft Shared\Windows Live;C:\windows\system32;C:\windows;C:\windows\System32\Wbem;C:\windows\System32\WindowsPowerShell\v1.0\;C:\Program Files (x86)\Windows Live\Shared;C:\Program Files (x86)\apache-ant-1.8.2\bin;C:\Program Files\Java\jdk1.7.0_67\bin;C:\Program Files (x86)\maven-2.2.1\bin;C:\Program Files (x86)\Bitvise Tunnelier;C:\Program Files (x86)\PostgreSQL\8.4\bin;C:\Programmi\bin;C:\Programmi\PostgreSQL\8.4\bin;C:\Program Files (x86)\Subversion\bin;C:\Program Files (x86)\Git\bin;C:\Python27;C:\Python27\Scripts;C:\Program Files (x86)\Microsoft SQL Server\100\Tools\Binn\;C:\Program Files\Microsoft SQL Server\100\Tools\Binn\;C:\Program Files\Microsoft SQL Server\100\DTS\Binn\;C:\Program Files (x86)\Microsoft SQL Server\100\Tools\Binn\VSShell\Common7\IDE\;C:\Program Files (x86)\Microsoft SQL Server\100\DTS\Binn\;D:\work\programs\vagrant\bin;C:\Program Files (x86)\Notepad++;D:\work\programs\grails-2.4.4/bin;C:\Users\geosolutions\AppData\Local\atom\bin;."/>
    <property name="surefire.test.class.path" value="D:\work\code\maven-template\sample-module\target\test-classes;D:\work\code\maven-template\sample-module\target\classes;C:\Users\geosolutions\.m2\repository\commons-configuration\commons-configuration\1.10\commons-configuration-1.10.jar;C:\Users\geosolutions\.m2\repository\commons-lang\commons-lang\2.6\commons-lang-2.6.jar;C:\Users\geosolutions\.m2\repository\commons-logging\commons-logging\1.1.1\commons-logging-1.1.1.jar;C:\Users\geosolutions\.m2\repository\commons-collections\commons-collections\3.2.1\commons-collections-3.2.1.jar;C:\Users\geosolutions\.m2\repository\commons-io\commons-io\2.4\commons-io-2.4.jar;C:\Users\geosolutions\.m2\repository\log4j\log4j\1.2.17\log4j-1.2.17.jar;C:\Users\geosolutions\.m2\repository\org\geotools\gt-sample-data\13.2\gt-sample-data-13.2.jar;C:\Users\geosolutions\.m2\repository\javax\media\jai_core\1.1.3\jai_core-1.1.3.jar;C:\Users\geosolutions\.m2\repository\junit\junit\4.12\junit-4.12.jar;C:\Users\geosolutions\.m2\repository\org\hamcrest\hamcrest-core\1.3\hamcrest-core-1.3.jar;"/>
    <property name="java.specification.name" value="Java Platform API Specification"/>
    <property name="java.class.version" value="51.0"/>
    <property name="sun.management.compiler" value="HotSpot 64-Bit Tiered Compilers"/>
    <property name="os.version" value="6.1"/>
    <property name="user.home" value="C:\Users\geosolutions"/>
    <property name="user.timezone" value="Europe/Berlin"/>
    <property name="java.awt.printerjob" value="sun.awt.windows.WPrinterJob"/>
    <property name="java.specification.version" value="1.7"/>
    <property name="file.encoding" value="Cp1252"/>
    <property name="user.name" value="geosolutions"/>
    <property name="java.class.path" value="D:\work\code\maven-template\sample-module\target\test-classes;D:\work\code\maven-template\sample-module\target\classes;C:\Users\geosolutions\.m2\repository\commons-configuration\commons-configuration\1.10\commons-configuration-1.10.jar;C:\Users\geosolutions\.m2\repository\commons-lang\commons-lang\2.6\commons-lang-2.6.jar;C:\Users\geosolutions\.m2\repository\commons-logging\commons-logging\1.1.1\commons-logging-1.1.1.jar;C:\Users\geosolutions\.m2\repository\commons-collections\commons-collections\3.2.1\commons-collections-3.2.1.jar;C:\Users\geosolutions\.m2\repository\commons-io\commons-io\2.4\commons-io-2.4.jar;C:\Users\geosolutions\.m2\repository\log4j\log4j\1.2.17\log4j-1.2.17.jar;C:\Users\geosolutions\.m2\repository\org\geotools\gt-sample-data\13.2\gt-sample-data-13.2.jar;C:\Users\geosolutions\.m2\repository\javax\media\jai_core\1.1.3\jai_core-1.1.3.jar;C:\Users\geosolutions\.m2\repository\junit\junit\4.12\junit-4.12.jar;C:\Users\geosolutions\.m2\repository\org\hamcrest\hamcrest-core\1.3\hamcrest-core-1.3.jar;"/>
    <property name="java.vm.specification.version" value="1.7"/>
    <property name="sun.arch.data.model" value="64"/>
    <property name="java.home" value="C:\Program Files\Java\jdk1.7.0_67\jre"/>
    <property name="sun.java.command" value="C:\Users\GEOSOL~1\AppData\Local\Temp\surefirebooter1790078510402989618.jar C:\Users\GEOSOL~1\AppData\Local\Temp\surefire7549377846676107228tmp C:\Users\GEOSOL~1\AppData\Local\Temp\surefire2694881153508260836tmp"/>
    <property name="java.specification.vendor" value="Oracle Corporation"/>
    <property name="user.language" value="en"/>
    <property name="user.language.format" value="it"/>
    <property name="awt.toolkit" value="sun.awt.windows.WToolkit"/>
    <property name="java.vm.info" value="mixed mode"/>
    <property name="java.version" value="1.7.0_67"/>
    <property name="java.ext.dirs" value="C:\Program Files\Java\jdk1.7.0_67\jre\lib\ext;C:\windows\Sun\Java\lib\ext"/>
    <property name="sun.boot.class.path" value="C:\Program Files\Java\jdk1.7.0_67\jre\lib\resources.jar;C:\Program Files\Java\jdk1.7.0_67\jre\lib\rt.jar;C:\Program Files\Java\jdk1.7.0_67\jre\lib\sunrsasign.jar;C:\Program Files\Java\jdk1.7.0_67\jre\lib\jsse.jar;C:\Program Files\Java\jdk1.7.0_67\jre\lib\jce.jar;C:\Program Files\Java\jdk1.7.0_67\jre\lib\charsets.jar;C:\Program Files\Java\jdk1.7.0_67\jre\lib\jfr.jar;C:\Program Files\Java\jdk1.7.0_67\jre\classes"/>
    <property name="java.vendor" value="Oracle Corporation"/>
    <property name="localRepository" value="C:\Users\geosolutions\.m2\repository"/>
    <property name="file.separator" value="\"/>
    <property name="java.vendor.url.bug" value="http://bugreport.sun.com/bugreport/"/>
    <property name="sun.cpu.endian" value="little"/>
    <property name="sun.io.unicode.encoding" value="UnicodeLittle"/>
    <property name="sun.desktop" value="windows"/>
    <property name="sun.cpu.isalist" value="amd64"/>
  </properties>
  <testcase time="0.054" classname="it.fds.toolbox.TestBaseLibraries" name="testLibraries"/>
</testsuite>